mode: set
transaction-technical-test/internal/domain/transactions.go:24.63,31.2 1 1
transaction-technical-test/internal/domain/transactions.go:34.68,35.28 1 1
transaction-technical-test/internal/domain/transactions.go:35.28,37.3 1 1
transaction-technical-test/internal/domain/transactions.go:39.2,40.12 2 1
transaction-technical-test/internal/domain/transactions.go:43.51,44.16 1 1
transaction-technical-test/internal/domain/transactions.go:45.50,46.14 1 1
transaction-technical-test/internal/domain/transactions.go:47.10,48.15 1 1
transaction-technical-test/internal/config/database.go:14.24,25.16 3 1
transaction-technical-test/internal/config/database.go:25.16,27.3 1 1
transaction-technical-test/internal/config/database.go:30.2,30.71 1 0
transaction-technical-test/internal/config/database.go:30.71,32.3 1 0
transaction-technical-test/internal/config/database.go:34.2,35.11 2 0
transaction-technical-test/internal/config/database.go:38.44,39.38 1 1
transaction-technical-test/internal/config/database.go:39.38,41.3 1 1
transaction-technical-test/internal/config/database.go:42.2,42.19 1 1
transaction-technical-test/internal/service/dashboard_service.go:15.79,19.2 1 1
transaction-technical-test/internal/service/dashboard_service.go:21.68,23.16 2 1
transaction-technical-test/internal/service/dashboard_service.go:23.16,25.3 1 1
transaction-technical-test/internal/service/dashboard_service.go:27.2,28.16 2 1
transaction-technical-test/internal/service/dashboard_service.go:28.16,30.3 1 1
transaction-technical-test/internal/service/dashboard_service.go:32.2,33.16 2 1
transaction-technical-test/internal/service/dashboard_service.go:33.16,35.3 1 1
transaction-technical-test/internal/service/dashboard_service.go:37.2,41.8 1 1
transaction-technical-test/internal/service/transaction_service.go:9.83,13.2 1 1
transaction-technical-test/internal/service/transaction_service.go:16.95,19.42 2 1
transaction-technical-test/internal/service/transaction_service.go:19.42,21.3 1 1
transaction-technical-test/internal/service/transaction_service.go:23.2,23.16 1 1
transaction-technical-test/internal/service/transaction_service.go:27.76,29.2 1 1
transaction-technical-test/internal/service/transaction_service.go:32.100,34.2 1 1
transaction-technical-test/internal/service/transaction_service.go:37.91,39.16 2 1
transaction-technical-test/internal/service/transaction_service.go:39.16,41.3 1 1
transaction-technical-test/internal/service/transaction_service.go:43.2,43.48 1 1
transaction-technical-test/internal/service/transaction_service.go:43.48,45.3 1 1
transaction-technical-test/internal/service/transaction_service.go:47.2,47.26 1 1
transaction-technical-test/internal/service/transaction_service.go:51.52,53.2 1 1
transaction-technical-test/internal/router/router.go:13.3,18.2 3 1
transaction-technical-test/internal/router/router.go:18.2,24.3 5 1
transaction-technical-test/internal/router/router.go:27.2,28.2 2 1
transaction-technical-test/internal/router/router.go:28.2,30.3 1 1
transaction-technical-test/internal/handler/dashboard_handler.go:15.73,19.2 1 1
transaction-technical-test/internal/handler/dashboard_handler.go:21.52,23.16 2 1
transaction-technical-test/internal/handler/dashboard_handler.go:23.16,26.3 2 1
transaction-technical-test/internal/handler/dashboard_handler.go:28.2,28.32 1 1
transaction-technical-test/internal/handler/transaction_handler.go:17.79,21.2 1 1
transaction-technical-test/internal/handler/transaction_handler.go:32.53,34.47 2 1
transaction-technical-test/internal/handler/transaction_handler.go:34.47,37.3 2 1
transaction-technical-test/internal/handler/transaction_handler.go:39.2,40.16 2 1
transaction-technical-test/internal/handler/transaction_handler.go:40.16,43.3 2 1
transaction-technical-test/internal/handler/transaction_handler.go:45.2,45.32 1 1
transaction-technical-test/internal/handler/transaction_handler.go:47.54,49.16 2 1
transaction-technical-test/internal/handler/transaction_handler.go:49.16,52.3 2 1
transaction-technical-test/internal/handler/transaction_handler.go:54.2,55.16 2 1
transaction-technical-test/internal/handler/transaction_handler.go:55.16,56.43 1 1
transaction-technical-test/internal/handler/transaction_handler.go:56.43,59.4 2 1
transaction-technical-test/internal/handler/transaction_handler.go:60.3,61.9 2 0
transaction-technical-test/internal/handler/transaction_handler.go:64.2,64.27 1 1
transaction-technical-test/internal/handler/transaction_handler.go:66.53,69.48 2 1
transaction-technical-test/internal/handler/transaction_handler.go:69.48,71.17 2 1
transaction-technical-test/internal/handler/transaction_handler.go:71.17,74.4 2 1
transaction-technical-test/internal/handler/transaction_handler.go:75.3,76.23 2 1
transaction-technical-test/internal/handler/transaction_handler.go:79.2,79.47 1 1
transaction-technical-test/internal/handler/transaction_handler.go:79.47,82.3 2 1
transaction-technical-test/internal/handler/transaction_handler.go:84.2,91.16 6 1
transaction-technical-test/internal/handler/transaction_handler.go:91.16,94.3 2 1
transaction-technical-test/internal/handler/transaction_handler.go:96.2,96.31 1 1
transaction-technical-test/internal/handler/transaction_handler.go:98.59,100.16 2 1
transaction-technical-test/internal/handler/transaction_handler.go:100.16,103.3 2 0
transaction-technical-test/internal/handler/transaction_handler.go:105.2,106.47 2 1
transaction-technical-test/internal/handler/transaction_handler.go:106.47,109.3 2 0
transaction-technical-test/internal/handler/transaction_handler.go:111.2,111.69 1 1
transaction-technical-test/internal/handler/transaction_handler.go:111.69,112.77 1 1
transaction-technical-test/internal/handler/transaction_handler.go:112.77,115.4 2 1
transaction-technical-test/internal/handler/transaction_handler.go:116.3,117.9 2 0
transaction-technical-test/internal/handler/transaction_handler.go:120.2,120.32 1 1
transaction-technical-test/internal/handler/transaction_handler.go:122.53,124.16 2 1
transaction-technical-test/internal/handler/transaction_handler.go:124.16,127.3 2 0
transaction-technical-test/internal/handler/transaction_handler.go:129.2,129.51 1 1
transaction-technical-test/internal/handler/transaction_handler.go:129.51,130.43 1 1
transaction-technical-test/internal/handler/transaction_handler.go:130.43,133.4 2 0
transaction-technical-test/internal/handler/transaction_handler.go:134.3,135.9 2 1
transaction-technical-test/internal/handler/transaction_handler.go:138.2,138.32 1 1
transaction-technical-test/internal/repository/transaction_repository.go:20.55,28.2 1 1
transaction-technical-test/internal/repository/transaction_repository.go:30.57,38.2 1 1
transaction-technical-test/internal/repository/transaction_repository.go:45.67,47.2 1 1
transaction-technical-test/internal/repository/transaction_repository.go:50.70,53.50 2 1
transaction-technical-test/internal/repository/transaction_repository.go:53.50,55.3 1 0
transaction-technical-test/internal/repository/transaction_repository.go:57.2,58.12 2 1
transaction-technical-test/internal/repository/transaction_repository.go:60.80,63.53 2 1
transaction-technical-test/internal/repository/transaction_repository.go:63.53,64.36 1 0
transaction-technical-test/internal/repository/transaction_repository.go:64.36,66.4 1 0
transaction-technical-test/internal/repository/transaction_repository.go:67.3,67.18 1 0
transaction-technical-test/internal/repository/transaction_repository.go:70.2,71.17 2 1
transaction-technical-test/internal/repository/transaction_repository.go:73.104,78.26 3 1
transaction-technical-test/internal/repository/transaction_repository.go:78.26,80.3 1 0
transaction-technical-test/internal/repository/transaction_repository.go:82.2,82.26 1 1
transaction-technical-test/internal/repository/transaction_repository.go:82.26,84.3 1 1
transaction-technical-test/internal/repository/transaction_repository.go:86.2,86.24 1 1
transaction-technical-test/internal/repository/transaction_repository.go:86.24,88.3 1 0
transaction-technical-test/internal/repository/transaction_repository.go:90.2,90.22 1 1
transaction-technical-test/internal/repository/transaction_repository.go:90.22,92.3 1 0
transaction-technical-test/internal/repository/transaction_repository.go:94.2,94.22 1 1
transaction-technical-test/internal/repository/transaction_repository.go:94.22,96.3 1 1
transaction-technical-test/internal/repository/transaction_repository.go:98.2,98.24 1 1
transaction-technical-test/internal/repository/transaction_repository.go:98.24,100.3 1 1
transaction-technical-test/internal/repository/transaction_repository.go:102.2,102.75 1 1
transaction-technical-test/internal/repository/transaction_repository.go:102.75,104.3 1 0
transaction-technical-test/internal/repository/transaction_repository.go:106.2,107.27 2 1
transaction-technical-test/internal/repository/transaction_repository.go:107.27,110.3 2 1
transaction-technical-test/internal/repository/transaction_repository.go:112.2,112.20 1 1
transaction-technical-test/internal/repository/transaction_repository.go:114.70,123.30 3 1
transaction-technical-test/internal/repository/transaction_repository.go:123.30,125.3 1 1
transaction-technical-test/internal/repository/transaction_repository.go:127.2,127.21 1 1
transaction-technical-test/internal/repository/transaction_repository.go:129.55,132.30 2 1
transaction-technical-test/internal/repository/transaction_repository.go:132.30,134.3 1 1
transaction-technical-test/internal/repository/transaction_repository.go:136.2,136.21 1 1
transaction-technical-test/internal/repository/transaction_repository.go:138.70,148.2 3 1
transaction-technical-test/internal/repository/transaction_repository.go:149.73,163.2 4 1
transaction-technical-test/internal/repository/transaction_repository.go:164.81,170.35 2 1
transaction-technical-test/internal/repository/transaction_repository.go:170.35,172.3 1 0
transaction-technical-test/internal/repository/transaction_repository.go:174.2,175.27 2 1
transaction-technical-test/internal/repository/transaction_repository.go:175.27,178.3 2 1
transaction-technical-test/internal/repository/transaction_repository.go:180.2,180.20 1 1
